Using pre-set license
Built from '2021.1/staging' branch; Version is '2021.1.2f1 (e5d502d80fbb) revision 15062274'; Using compiler version '192528614'; Build Type 'Release'
OS: 'Windows 10 Pro; OS build 19041.985; Version 2004; 64bit' Language: 'en' Physical Memory: 32715 MB
BatchMode: 1, IsHumanControllingUs: 0, StartBugReporterOnCrash: 0, Is64bit: 1, IsPro: 0

 COMMAND LINE ARGUMENTS:
C:\Program Files\Unity Editors\2021.1.2f1\Editor\Unity.exe
-adb2
-batchMode
-noUpm
-name
AssetImportWorker0
-projectPath
G:/OneDrive/Documents/Unity/Prototype 4
-logFile
Logs/AssetImportWorker0.log
-srvPort
65499
Successfully changed project path to: G:/OneDrive/Documents/Unity/Prototype 4
G:/OneDrive/Documents/Unity/Prototype 4
Using Asset Import Pipeline V2.
Refreshing native plugins compatible for Editor in 35.27 ms, found 0 plugins.
Preloading 0 native plugins for Editor in 0.00 ms.
Initialize engine version: 2021.1.2f1 (e5d502d80fbb)
[Subsystems] Discovering subsystems at path C:/Program Files/Unity Editors/2021.1.2f1/Editor/Data/Resources/UnitySubsystems
[Subsystems] Discovering subsystems at path G:/OneDrive/Documents/Unity/Prototype 4/Assets
GfxDevice: creating device client; threaded=0; jobified=0
Direct3D:
    Version:  Direct3D 11.0 [level 11.1]
    Renderer: AMD FirePro W5000 (FireGL V) Graphics Adapter (ID=0x6809)
    Vendor:   ATI
    VRAM:     2026 MB
    Driver:   15.200.1045.0
Initialize mono
Mono path[0] = 'C:/Program Files/Unity Editors/2021.1.2f1/Editor/Data/Managed'
Mono path[1] = 'C:/Program Files/Unity Editors/2021.1.2f1/Editor/Data/MonoBleedingEdge/lib/mono/unityjit'
Mono config path = 'C:/Program Files/Unity Editors/2021.1.2f1/Editor/Data/MonoBleedingEdge/etc'
Using monoOptions --debugger-agent=transport=dt_socket,embedding=1,server=y,suspend=n,address=127.0.0.1:56616
Begin MonoManager ReloadAssembly
Registering precompiled unity dll's ...
Register platform support module: C:/Program Files/Unity Editors/2021.1.2f1/Editor/Data/PlaybackEngines/WindowsStandaloneSupport/UnityEditor.WindowsStandalone.Extensions.dll
Registered in 0.001622 seconds.
Native extension for WindowsStandalone target not found
Refreshing native plugins compatible for Editor in 29.95 ms, found 0 plugins.
Preloading 0 native plugins for Editor in 0.00 ms.
Mono: successfully reloaded assembly
- Completed reload, in  0.973 seconds
Platform modules already initialized, skipping
Registering precompiled user dll's ...
Registered in 0.001342 seconds.
Begin MonoManager ReloadAssembly
Native extension for WindowsStandalone target not found
Refreshing native plugins compatible for Editor in 0.47 ms, found 0 plugins.
Preloading 0 native plugins for Editor in 0.00 ms.
Mono: successfully reloaded assembly
- Completed reload, in  0.787 seconds
Platform modules already initialized, skipping
========================================================================
Worker process is ready to serve import requests
Launched and connected shader compiler UnityShaderCompiler.exe after 0.05 seconds
Refreshing native plugins compatible for Editor in 0.58 ms, found 0 plugins.
Preloading 0 native plugins for Editor in 0.00 ms.
Unloading 1557 Unused Serialized files (Serialized files now loaded: 0)
System memory in use before: 69.1 MB.
System memory in use after: 69.2 MB.

Unloading 38 unused Assets to reduce memory usage. Loaded Objects now: 1991.
Total: 4.892100 ms (FindLiveObjects: 0.203100 ms CreateObjectMapping: 0.034800 ms MarkObjects: 4.590800 ms  DeleteObjects: 0.061900 ms)

========================================================================
Received Import Request.
  path: Assets/Scripts/SpawnManager.cs
  artifactKey: Guid(46dd843738ba4c846828b5602349550c) Importer(815301076,1909f56bfc062723c751e8b465ee728b)
Start importing Assets/Scripts/SpawnManager.cs using Guid(46dd843738ba4c846828b5602349550c) Importer(815301076,1909f56bfc062723c751e8b465ee728b)  -> (artifact id: '2346bf722ac1708d9266fa24ef2f5a3a') in 0.028017 seconds 
========================================================================
Received Import Request.
  Time since last request: 47.812052 seconds.
  path: Assets/Scripts/RotateCamera.cs
  artifactKey: Guid(a366e79ff5805644eb2d36cc436e5f7f) Importer(815301076,1909f56bfc062723c751e8b465ee728b)
Start importing Assets/Scripts/RotateCamera.cs using Guid(a366e79ff5805644eb2d36cc436e5f7f) Importer(815301076,1909f56bfc062723c751e8b465ee728b)  -> (artifact id: '8328e2caa7d81b38d37d8bbec372d0e7') in 0.006656 seconds 
========================================================================
Received Import Request.
  Time since last request: 0.921997 seconds.
  path: Assets/Scripts/PlayerController.cs
  artifactKey: Guid(8a5ce639e2d0ea246ace0c83529757fd) Importer(815301076,1909f56bfc062723c751e8b465ee728b)
Start importing Assets/Scripts/PlayerController.cs using Guid(8a5ce639e2d0ea246ace0c83529757fd) Importer(815301076,1909f56bfc062723c751e8b465ee728b)  -> (artifact id: '54afebd3a3884f9c8eda5954bc747639') in 0.005442 seconds 
AssetImportWorkerClient::OnTransportError - code=2 error=End of file
